Copyright 1986-2016 Xilinx, Inc. All Rights Reserved.
-------------------------------------------------------------------------------------------------------------------------------
| Tool Version     : Vivado v.2016.2 (win64) Build 1577090 Thu Jun  2 16:32:40 MDT 2016
| Date             : Thu Jun 15 20:49:57 2017
| Host             : DESKTOP-65MUVPG running 64-bit major release  (build 9200)
| Command          : report_power -file top_power_routed.rpt -pb top_power_summary_routed.pb -rpx top_power_routed.rpx
| Design           : top
| Device           : xc7a35tcpg236-1
| Design State     : routed
| Grade            : commercial
| Process          : typical
| Characterization : Production
-------------------------------------------------------------------------------------------------------------------------------

Power Report

Table of Contents
-----------------
1. Summary
1.1 On-Chip Components
1.2 Power Supply Summary
1.3 Confidence Level
2. Settings
2.1 Environment
2.2 Clock Constraints
3. Detailed Reports
3.1 By Hierarchy

1. Summary
----------

+--------------------------+--------+
| Total On-Chip Power (W)  | 0.078  |
| Dynamic (W)              | 0.007  |
| Device Static (W)        | 0.072  |
| Effective TJA (C/W)      | 5.0    |
| Max Ambient (C)          | 84.6   |
| Junction Temperature (C) | 25.4   |
| Confidence Level         | Medium |
| Setting File             | ---    |
| Simulation Activity File | ---    |
| Design Nets Matched      | NA     |
+--------------------------+--------+


1.1 On-Chip Components
----------------------

+----------------+-----------+----------+-----------+-----------------+
| On-Chip        | Power (W) | Used     | Available | Utilization (%) |
+----------------+-----------+----------+-----------+-----------------+
| Clocks         |     0.002 |        3 |       --- |             --- |
| Slice Logic    |    <0.001 |      666 |       --- |             --- |
|   LUT as Logic |    <0.001 |      343 |     20800 |            1.65 |
|   CARRY4       |    <0.001 |       32 |      8150 |            0.39 |
|   Register     |    <0.001 |      180 |     41600 |            0.43 |
|   BUFG         |    <0.001 |        1 |        32 |            3.13 |
|   F7/F8 Muxes  |    <0.001 |        1 |     32600 |           <0.01 |
|   Others       |     0.000 |       21 |       --- |             --- |
| Signals        |    <0.001 |      477 |       --- |             --- |
| Block RAM      |    <0.001 |      0.5 |        50 |            1.00 |
| DSPs           |    <0.001 |        1 |        90 |            1.11 |
| I/O            |     0.003 |       18 |       106 |           16.98 |
| Static Power   |     0.072 |          |           |                 |
| Total          |     0.078 |          |           |                 |
+----------------+-----------+----------+-----------+-----------------+


1.2 Power Supply Summary
------------------------

+-----------+-------------+-----------+-------------+------------+
| Source    | Voltage (V) | Total (A) | Dynamic (A) | Static (A) |
+-----------+-------------+-----------+-------------+------------+
| Vccint    |       1.000 |     0.013 |       0.004 |      0.010 |
| Vccaux    |       1.800 |     0.013 |       0.000 |      0.013 |
| Vcco33    |       3.300 |     0.002 |       0.001 |      0.001 |
| Vcco25    |       2.500 |     0.000 |       0.000 |      0.000 |
| Vcco18    |       1.800 |     0.000 |       0.000 |      0.000 |
| Vcco15    |       1.500 |     0.000 |       0.000 |      0.000 |
| Vcco135   |       1.350 |     0.000 |       0.000 |      0.000 |
| Vcco12    |       1.200 |     0.000 |       0.000 |      0.000 |
| Vccaux_io |       1.800 |     0.000 |       0.000 |      0.000 |
| Vccbram   |       1.000 |     0.000 |       0.000 |      0.000 |
| MGTAVcc   |       1.000 |     0.000 |       0.000 |      0.000 |
| MGTAVtt   |       1.200 |     0.000 |       0.000 |      0.000 |
| Vccadc    |       1.800 |     0.020 |       0.000 |      0.020 |
+-----------+-------------+-----------+-------------+------------+


1.3 Confidence Level
--------------------

+-----------------------------+------------+-------------------------------------------------------+--------------------------------------------------------------------------------------------------------------------+
| User Input Data             | Confidence | Details                                               | Action                                                                                                             |
+-----------------------------+------------+-------------------------------------------------------+--------------------------------------------------------------------------------------------------------------------+
| Design implementation state | High       | Design is routed                                      |                                                                                                                    |
| Clock nodes activity        | Medium     | More than 5% of clocks are missing user specification | Provide missing clock activity with a constraint file, simulation results or by editing the "By Clock Domain" view |
| I/O nodes activity          | Medium     | More than 5% of inputs are missing user specification | Provide missing input activity with simulation results or by editing the "By Resource Type -> I/Os" view           |
| Internal nodes activity     | Medium     | User specified less than 25% of internal nodes        | Provide missing internal nodes activity with simulation results or by editing the "By Resource Type" views         |
| Device models               | High       | Device models are Production                          |                                                                                                                    |
|                             |            |                                                       |                                                                                                                    |
| Overall confidence level    | Medium     |                                                       |                                                                                                                    |
+-----------------------------+------------+-------------------------------------------------------+--------------------------------------------------------------------------------------------------------------------+


2. Settings
-----------

2.1 Environment
---------------

+-----------------------+--------------------------+
| Ambient Temp (C)      | 25.0                     |
| ThetaJA (C/W)         | 5.0                      |
| Airflow (LFM)         | 250                      |
| Heat Sink             | medium (Medium Profile)  |
| ThetaSA (C/W)         | 4.6                      |
| Board Selection       | medium (10"x10")         |
| # of Board Layers     | 12to15 (12 to 15 Layers) |
| Board Temperature (C) | 25.0                     |
+-----------------------+--------------------------+


2.2 Clock Constraints
---------------------

+-------------+--------+-----------------+
| Clock       | Domain | Constraint (ns) |
+-------------+--------+-----------------+
| sys_clk_pin | clk    |            10.0 |
+-------------+--------+-----------------+


3. Detailed Reports
-------------------

3.1 By Hierarchy
----------------

+----------------------------------------------+-----------+
| Name                                         | Power (W) |
+----------------------------------------------+-----------+
| top                                          |     0.007 |
|   clk0                                       |    <0.001 |
|   clk_wiz_0_inst                             |    <0.001 |
|   ip_plane                                   |    <0.001 |
|     U0                                       |    <0.001 |
|       inst_blk_mem_gen                       |    <0.001 |
|         gnbram.gnativebmg.native_blk_mem_gen |    <0.001 |
|           valid.cstr                         |    <0.001 |
|             ramloop[0].ram.r                 |    <0.001 |
|               prim_init.ram                  |    <0.001 |
|   keyboard_decoder                           |     0.002 |
|     inst                                     |     0.002 |
|       Ps2Interface_i                         |     0.001 |
|         IOBUF_inst_0                         |    <0.001 |
|         IOBUF_inst_1                         |    <0.001 |
|     op                                       |    <0.001 |
|   plane                                      |    <0.001 |
|   plane_addr                                 |    <0.001 |
|   vga_inst                                   |    <0.001 |
+----------------------------------------------+-----------+


