Copyright 1986-2016 Xilinx, Inc. All Rights Reserved.
-------------------------------------------------------------------------------------------------------------------------------
| Tool Version     : Vivado v.2016.2 (win64) Build 1577090 Thu Jun  2 16:32:40 MDT 2016
| Date             : Fri Jun 16 13:03:16 2017
| Host             : DESKTOP-65MUVPG running 64-bit major release  (build 9200)
| Command          : report_power -file top_power_routed.rpt -pb top_power_summary_routed.pb -rpx top_power_routed.rpx
| Design           : top
| Device           : xc7a35tcpg236-1
| Design State     : routed
| Grade            : commercial
| Process          : typical
| Characterization : Production
-------------------------------------------------------------------------------------------------------------------------------

Power Report

Table of Contents
-----------------
1. Summary
1.1 On-Chip Components
1.2 Power Supply Summary
1.3 Confidence Level
2. Settings
2.1 Environment
2.2 Clock Constraints
3. Detailed Reports
3.1 By Hierarchy

1. Summary
----------

+--------------------------+-------+
| Total On-Chip Power (W)  | 0.177 |
| Dynamic (W)              | 0.103 |
| Device Static (W)        | 0.074 |
| Effective TJA (C/W)      | 5.0   |
| Max Ambient (C)          | 84.1  |
| Junction Temperature (C) | 25.9  |
| Confidence Level         | Low   |
| Setting File             | ---   |
| Simulation Activity File | ---   |
| Design Nets Matched      | NA    |
+--------------------------+-------+


1.1 On-Chip Components
----------------------

+----------------+-----------+----------+-----------+-----------------+
| On-Chip        | Power (W) | Used     | Available | Utilization (%) |
+----------------+-----------+----------+-----------+-----------------+
| Clocks         |     0.004 |        3 |       --- |             --- |
| Slice Logic    |     0.016 |     7908 |       --- |             --- |
|   LUT as Logic |     0.015 |     4704 |     20800 |           22.62 |
|   CARRY4       |    <0.001 |      619 |      8150 |            7.60 |
|   Register     |    <0.001 |     1135 |     41600 |            2.73 |
|   F7/F8 Muxes  |    <0.001 |       30 |     32600 |            0.09 |
|   BUFG         |    <0.001 |        4 |        32 |           12.50 |
|   Others       |     0.000 |      332 |       --- |             --- |
| Signals        |     0.016 |     5735 |       --- |             --- |
| Block RAM      |     0.014 |     40.5 |        50 |           81.00 |
| DSPs           |    <0.001 |       13 |        90 |           14.44 |
| I/O            |     0.052 |       48 |       106 |           45.28 |
| Static Power   |     0.074 |          |           |                 |
| Total          |     0.177 |          |           |                 |
+----------------+-----------+----------+-----------+-----------------+


1.2 Power Supply Summary
------------------------

+-----------+-------------+-----------+-------------+------------+
| Source    | Voltage (V) | Total (A) | Dynamic (A) | Static (A) |
+-----------+-------------+-----------+-------------+------------+
| Vccint    |       1.000 |     0.061 |       0.050 |      0.011 |
| Vccaux    |       1.800 |     0.015 |       0.002 |      0.013 |
| Vcco33    |       3.300 |     0.016 |       0.015 |      0.001 |
| Vcco25    |       2.500 |     0.000 |       0.000 |      0.000 |
| Vcco18    |       1.800 |     0.000 |       0.000 |      0.000 |
| Vcco15    |       1.500 |     0.000 |       0.000 |      0.000 |
| Vcco135   |       1.350 |     0.000 |       0.000 |      0.000 |
| Vcco12    |       1.200 |     0.000 |       0.000 |      0.000 |
| Vccaux_io |       1.800 |     0.000 |       0.000 |      0.000 |
| Vccbram   |       1.000 |     0.002 |       0.001 |      0.001 |
| MGTAVcc   |       1.000 |     0.000 |       0.000 |      0.000 |
| MGTAVtt   |       1.200 |     0.000 |       0.000 |      0.000 |
| Vccadc    |       1.800 |     0.020 |       0.000 |      0.020 |
+-----------+-------------+-----------+-------------+------------+


1.3 Confidence Level
--------------------

+-----------------------------+------------+--------------------------------------------------------+--------------------------------------------------------------------------------------------------------------------+
| User Input Data             | Confidence | Details                                                | Action                                                                                                             |
+-----------------------------+------------+--------------------------------------------------------+--------------------------------------------------------------------------------------------------------------------+
| Design implementation state | High       | Design is routed                                       |                                                                                                                    |
| Clock nodes activity        | Low        | User specified less than 75% of clocks                 | Provide missing clock activity with a constraint file, simulation results or by editing the "By Clock Domain" view |
| I/O nodes activity          | Low        | More than 75% of inputs are missing user specification | Provide missing input activity with simulation results or by editing the "By Resource Type -> I/Os" view           |
| Internal nodes activity     | Medium     | User specified less than 25% of internal nodes         | Provide missing internal nodes activity with simulation results or by editing the "By Resource Type" views         |
| Device models               | High       | Device models are Production                           |                                                                                                                    |
|                             |            |                                                        |                                                                                                                    |
| Overall confidence level    | Low        |                                                        |                                                                                                                    |
+-----------------------------+------------+--------------------------------------------------------+--------------------------------------------------------------------------------------------------------------------+


2. Settings
-----------

2.1 Environment
---------------

+-----------------------+--------------------------+
| Ambient Temp (C)      | 25.0                     |
| ThetaJA (C/W)         | 5.0                      |
| Airflow (LFM)         | 250                      |
| Heat Sink             | medium (Medium Profile)  |
| ThetaSA (C/W)         | 4.6                      |
| Board Selection       | medium (10"x10")         |
| # of Board Layers     | 12to15 (12 to 15 Layers) |
| Board Temperature (C) | 25.0                     |
+-----------------------+--------------------------+


2.2 Clock Constraints
---------------------

+-------------+--------+-----------------+
| Clock       | Domain | Constraint (ns) |
+-------------+--------+-----------------+
| sys_clk_pin | clk    |            10.0 |
+-------------+--------+-----------------+


3. Detailed Reports
-------------------

3.1 By Hierarchy
----------------

+----------------------------------------------+-----------+
| Name                                         | Power (W) |
+----------------------------------------------+-----------+
| top                                          |     0.103 |
|   U0                                         |    <0.001 |
|   U1                                         |    <0.001 |
|   bg                                         |    <0.001 |
|   bg_addr                                    |     0.003 |
|   clk0                                       |    <0.001 |
|   clk1                                       |    <0.001 |
|   clk2                                       |    <0.001 |
|   clk4                                       |    <0.001 |
|   clk_wiz_0_inst                             |    <0.001 |
|   enemy0_addr                                |    <0.001 |
|   enemy0_bullet                              |    <0.001 |
|     A2                                       |    <0.001 |
|     U2                                       |    <0.001 |
|   enemy1_addr                                |    <0.001 |
|   enemy1_bullet                              |    <0.001 |
|     A2                                       |    <0.001 |
|     U2                                       |    <0.001 |
|   enemy2_addr                                |    <0.001 |
|   enemy2_bullet                              |    <0.001 |
|     A2                                       |    <0.001 |
|     M0                                       |     0.000 |
|     U2                                       |    <0.001 |
|   enemy3_addr                                |    <0.001 |
|   enemy3_bullet                              |    <0.001 |
|     A2                                       |    <0.001 |
|     U2                                       |    <0.001 |
|   enemy4_addr                                |    <0.001 |
|   enemy4_bullet                              |    <0.001 |
|     A2                                       |    <0.001 |
|     U2                                       |    <0.001 |
|   enemy5_addr                                |    <0.001 |
|   enemy5_bullet                              |    <0.001 |
|     A2                                       |    <0.001 |
|     U2                                       |    <0.001 |
|   enemy6_addr                                |    <0.001 |
|   enemy6_bullet                              |    <0.001 |
|     A2                                       |    <0.001 |
|     U2                                       |    <0.001 |
|   enemy7_addr                                |    <0.001 |
|   enemy7_bullet                              |    <0.001 |
|     A2                                       |    <0.001 |
|     U2                                       |    <0.001 |
|   enemy8_addr                                |    <0.001 |
|   enemy8_bullet                              |    <0.001 |
|     A2                                       |    <0.001 |
|     U2                                       |    <0.001 |
|   enemy9_addr                                |    <0.001 |
|   enemy9_bullet                              |    <0.001 |
|     A2                                       |    <0.001 |
|     U2                                       |    <0.001 |
|   ip_bg                                      |     0.002 |
|     U0                                       |     0.002 |
|       inst_blk_mem_gen                       |     0.002 |
|         gnbram.gnativebmg.native_blk_mem_gen |     0.002 |
|           valid.cstr                         |     0.002 |
|             has_mux_a.A                      |     0.002 |
|             ramloop[0].ram.r                 |    <0.001 |
|               prim_init.ram                  |    <0.001 |
|             ramloop[10].ram.r                |    <0.001 |
|               prim_init.ram                  |    <0.001 |
|             ramloop[11].ram.r                |    <0.001 |
|               prim_init.ram                  |    <0.001 |
|             ramloop[12].ram.r                |    <0.001 |
|               prim_init.ram                  |    <0.001 |
|             ramloop[13].ram.r                |    <0.001 |
|               prim_init.ram                  |    <0.001 |
|             ramloop[14].ram.r                |    <0.001 |
|               prim_init.ram                  |    <0.001 |
|             ramloop[15].ram.r                |    <0.001 |
|               prim_init.ram                  |    <0.001 |
|             ramloop[16].ram.r                |    <0.001 |
|               prim_init.ram                  |    <0.001 |
|             ramloop[17].ram.r                |    <0.001 |
|               prim_init.ram                  |    <0.001 |
|             ramloop[18].ram.r                |    <0.001 |
|               prim_init.ram                  |    <0.001 |
|             ramloop[1].ram.r                 |    <0.001 |
|               prim_init.ram                  |    <0.001 |
|             ramloop[2].ram.r                 |    <0.001 |
|               prim_init.ram                  |    <0.001 |
|             ramloop[3].ram.r                 |    <0.001 |
|               prim_init.ram                  |    <0.001 |
|             ramloop[4].ram.r                 |    <0.001 |
|               prim_init.ram                  |    <0.001 |
|             ramloop[5].ram.r                 |    <0.001 |
|               prim_init.ram                  |    <0.001 |
|             ramloop[6].ram.r                 |    <0.001 |
|               prim_init.ram                  |    <0.001 |
|             ramloop[7].ram.r                 |    <0.001 |
|               prim_init.ram                  |    <0.001 |
|             ramloop[8].ram.r                 |    <0.001 |
|               prim_init.ram                  |    <0.001 |
|             ramloop[9].ram.r                 |    <0.001 |
|               prim_init.ram                  |    <0.001 |
|   ip_enemy0                                  |    <0.001 |
|     U0                                       |    <0.001 |
|       inst_blk_mem_gen                       |    <0.001 |
|         gnbram.gnativebmg.native_blk_mem_gen |    <0.001 |
|           valid.cstr                         |    <0.001 |
|             ramloop[0].ram.r                 |    <0.001 |
|               prim_init.ram                  |    <0.001 |
|   ip_enemy0_bullet                           |    <0.001 |
|     U0                                       |    <0.001 |
|       inst_blk_mem_gen                       |    <0.001 |
|         gnbram.gnativebmg.native_blk_mem_gen |    <0.001 |
|           valid.cstr                         |    <0.001 |
|             ramloop[0].ram.r                 |    <0.001 |
|               prim_init.ram                  |    <0.001 |
|   ip_enemy1                                  |    <0.001 |
|     U0                                       |    <0.001 |
|       inst_blk_mem_gen                       |    <0.001 |
|         gnbram.gnativebmg.native_blk_mem_gen |    <0.001 |
|           valid.cstr                         |    <0.001 |
|             ramloop[0].ram.r                 |    <0.001 |
|               prim_init.ram                  |    <0.001 |
|   ip_enemy1_bullet                           |    <0.001 |
|     U0                                       |    <0.001 |
|       inst_blk_mem_gen                       |    <0.001 |
|         gnbram.gnativebmg.native_blk_mem_gen |    <0.001 |
|           valid.cstr                         |    <0.001 |
|             ramloop[0].ram.r                 |    <0.001 |
|               prim_init.ram                  |    <0.001 |
|   ip_enemy2                                  |    <0.001 |
|     U0                                       |    <0.001 |
|       inst_blk_mem_gen                       |    <0.001 |
|         gnbram.gnativebmg.native_blk_mem_gen |    <0.001 |
|           valid.cstr                         |    <0.001 |
|             ramloop[0].ram.r                 |    <0.001 |
|               prim_init.ram                  |    <0.001 |
|   ip_enemy2_bullet                           |    <0.001 |
|     U0                                       |    <0.001 |
|       inst_blk_mem_gen                       |    <0.001 |
|         gnbram.gnativebmg.native_blk_mem_gen |    <0.001 |
|           valid.cstr                         |    <0.001 |
|             ramloop[0].ram.r                 |    <0.001 |
|               prim_init.ram                  |    <0.001 |
|   ip_enemy3                                  |    <0.001 |
|     U0                                       |    <0.001 |
|       inst_blk_mem_gen                       |    <0.001 |
|         gnbram.gnativebmg.native_blk_mem_gen |    <0.001 |
|           valid.cstr                         |    <0.001 |
|             ramloop[0].ram.r                 |    <0.001 |
|               prim_init.ram                  |    <0.001 |
|   ip_enemy3_bullet                           |    <0.001 |
|     U0                                       |    <0.001 |
|       inst_blk_mem_gen                       |    <0.001 |
|         gnbram.gnativebmg.native_blk_mem_gen |    <0.001 |
|           valid.cstr                         |    <0.001 |
|             ramloop[0].ram.r                 |    <0.001 |
|               prim_init.ram                  |    <0.001 |
|   ip_enemy4                                  |    <0.001 |
|     U0                                       |    <0.001 |
|       inst_blk_mem_gen                       |    <0.001 |
|         gnbram.gnativebmg.native_blk_mem_gen |    <0.001 |
|           valid.cstr                         |    <0.001 |
|             ramloop[0].ram.r                 |    <0.001 |
|               prim_init.ram                  |    <0.001 |
|   ip_enemy4_bullet                           |    <0.001 |
|     U0                                       |    <0.001 |
|       inst_blk_mem_gen                       |    <0.001 |
|         gnbram.gnativebmg.native_blk_mem_gen |    <0.001 |
|           valid.cstr                         |    <0.001 |
|             ramloop[0].ram.r                 |    <0.001 |
|               prim_init.ram                  |    <0.001 |
|   ip_enemy5                                  |    <0.001 |
|     U0                                       |    <0.001 |
|       inst_blk_mem_gen                       |    <0.001 |
|         gnbram.gnativebmg.native_blk_mem_gen |    <0.001 |
|           valid.cstr                         |    <0.001 |
|             ramloop[0].ram.r                 |    <0.001 |
|               prim_init.ram                  |    <0.001 |
|   ip_enemy5_bullet                           |    <0.001 |
|     U0                                       |    <0.001 |
|       inst_blk_mem_gen                       |    <0.001 |
|         gnbram.gnativebmg.native_blk_mem_gen |    <0.001 |
|           valid.cstr                         |    <0.001 |
|             ramloop[0].ram.r                 |    <0.001 |
|               prim_init.ram                  |    <0.001 |
|   ip_enemy6                                  |    <0.001 |
|     U0                                       |    <0.001 |
|       inst_blk_mem_gen                       |    <0.001 |
|         gnbram.gnativebmg.native_blk_mem_gen |    <0.001 |
|           valid.cstr                         |    <0.001 |
|             ramloop[0].ram.r                 |    <0.001 |
|               prim_init.ram                  |    <0.001 |
|   ip_enemy6_bullet                           |    <0.001 |
|     U0                                       |    <0.001 |
|       inst_blk_mem_gen                       |    <0.001 |
|         gnbram.gnativebmg.native_blk_mem_gen |    <0.001 |
|           valid.cstr                         |    <0.001 |
|             ramloop[0].ram.r                 |    <0.001 |
|               prim_init.ram                  |    <0.001 |
|   ip_enemy7                                  |    <0.001 |
|     U0                                       |    <0.001 |
|       inst_blk_mem_gen                       |    <0.001 |
|         gnbram.gnativebmg.native_blk_mem_gen |    <0.001 |
|           valid.cstr                         |    <0.001 |
|             ramloop[0].ram.r                 |    <0.001 |
|               prim_init.ram                  |    <0.001 |
|   ip_enemy7_bullet                           |    <0.001 |
|     U0                                       |    <0.001 |
|       inst_blk_mem_gen                       |    <0.001 |
|         gnbram.gnativebmg.native_blk_mem_gen |    <0.001 |
|           valid.cstr                         |    <0.001 |
|             ramloop[0].ram.r                 |    <0.001 |
|               prim_init.ram                  |    <0.001 |
|   ip_enemy8                                  |    <0.001 |
|     U0                                       |    <0.001 |
|       inst_blk_mem_gen                       |    <0.001 |
|         gnbram.gnativebmg.native_blk_mem_gen |    <0.001 |
|           valid.cstr                         |    <0.001 |
|             ramloop[0].ram.r                 |    <0.001 |
|               prim_init.ram                  |    <0.001 |
|   ip_enemy8_bullet                           |    <0.001 |
|     U0                                       |    <0.001 |
|       inst_blk_mem_gen                       |    <0.001 |
|         gnbram.gnativebmg.native_blk_mem_gen |    <0.001 |
|           valid.cstr                         |    <0.001 |
|             ramloop[0].ram.r                 |    <0.001 |
|               prim_init.ram                  |    <0.001 |
|   ip_enemy9                                  |    <0.001 |
|     U0                                       |    <0.001 |
|       inst_blk_mem_gen                       |    <0.001 |
|         gnbram.gnativebmg.native_blk_mem_gen |    <0.001 |
|           valid.cstr                         |    <0.001 |
|             ramloop[0].ram.r                 |    <0.001 |
|               prim_init.ram                  |    <0.001 |
|   ip_enemy9_bullet                           |    <0.001 |
|     U0                                       |    <0.001 |
|       inst_blk_mem_gen                       |    <0.001 |
|         gnbram.gnativebmg.native_blk_mem_gen |    <0.001 |
|           valid.cstr                         |    <0.001 |
|             ramloop[0].ram.r                 |    <0.001 |
|               prim_init.ram                  |    <0.001 |
|   ip_explosion_0                             |    <0.001 |
|     U0                                       |    <0.001 |
|       inst_blk_mem_gen                       |    <0.001 |
|         gnbram.gnativebmg.native_blk_mem_gen |    <0.001 |
|           valid.cstr                         |    <0.001 |
|             ramloop[0].ram.r                 |    <0.001 |
|               prim_init.ram                  |    <0.001 |
|   ip_explosion_1                             |    <0.001 |
|     U0                                       |    <0.001 |
|       inst_blk_mem_gen                       |    <0.001 |
|         gnbram.gnativebmg.native_blk_mem_gen |    <0.001 |
|           valid.cstr                         |    <0.001 |
|             ramloop[0].ram.r                 |    <0.001 |
|               prim_init.ram                  |    <0.001 |
|   ip_explosion_2                             |    <0.001 |
|     U0                                       |    <0.001 |
|       inst_blk_mem_gen                       |    <0.001 |
|         gnbram.gnativebmg.native_blk_mem_gen |    <0.001 |
|           valid.cstr                         |    <0.001 |
|             ramloop[0].ram.r                 |    <0.001 |
|               prim_init.ram                  |    <0.001 |
|   ip_explosion_3                             |    <0.001 |
|     U0                                       |    <0.001 |
|       inst_blk_mem_gen                       |    <0.001 |
|         gnbram.gnativebmg.native_blk_mem_gen |    <0.001 |
|           valid.cstr                         |    <0.001 |
|             ramloop[0].ram.r                 |    <0.001 |
|               prim_init.ram                  |    <0.001 |
|   ip_explosion_4                             |    <0.001 |
|     U0                                       |    <0.001 |
|       inst_blk_mem_gen                       |    <0.001 |
|         gnbram.gnativebmg.native_blk_mem_gen |    <0.001 |
|           valid.cstr                         |    <0.001 |
|             ramloop[0].ram.r                 |    <0.001 |
|               prim_init.ram                  |    <0.001 |
|   ip_explosion_5                             |    <0.001 |
|     U0                                       |    <0.001 |
|       inst_blk_mem_gen                       |    <0.001 |
|         gnbram.gnativebmg.native_blk_mem_gen |    <0.001 |
|           valid.cstr                         |    <0.001 |
|             ramloop[0].ram.r                 |    <0.001 |
|               prim_init.ram                  |    <0.001 |
|   ip_explosion_6                             |    <0.001 |
|     U0                                       |    <0.001 |
|       inst_blk_mem_gen                       |    <0.001 |
|         gnbram.gnativebmg.native_blk_mem_gen |    <0.001 |
|           valid.cstr                         |    <0.001 |
|             ramloop[0].ram.r                 |    <0.001 |
|               prim_init.ram                  |    <0.001 |
|   ip_explosion_7                             |    <0.001 |
|     U0                                       |    <0.001 |
|       inst_blk_mem_gen                       |    <0.001 |
|         gnbram.gnativebmg.native_blk_mem_gen |    <0.001 |
|           valid.cstr                         |    <0.001 |
|             ramloop[0].ram.r                 |    <0.001 |
|               prim_init.ram                  |    <0.001 |
|   ip_explosion_8                             |    <0.001 |
|     U0                                       |    <0.001 |
|       inst_blk_mem_gen                       |    <0.001 |
|         gnbram.gnativebmg.native_blk_mem_gen |    <0.001 |
|           valid.cstr                         |    <0.001 |
|             ramloop[0].ram.r                 |    <0.001 |
|               prim_init.ram                  |    <0.001 |
|   ip_explosion_9                             |    <0.001 |
|     U0                                       |    <0.001 |
|       inst_blk_mem_gen                       |    <0.001 |
|         gnbram.gnativebmg.native_blk_mem_gen |    <0.001 |
|           valid.cstr                         |    <0.001 |
|             ramloop[0].ram.r                 |    <0.001 |
|               prim_init.ram                  |    <0.001 |
|   ip_explosion_plane                         |    <0.001 |
|     U0                                       |    <0.001 |
|       inst_blk_mem_gen                       |    <0.001 |
|         gnbram.gnativebmg.native_blk_mem_gen |    <0.001 |
|           valid.cstr                         |    <0.001 |
|             ramloop[0].ram.r                 |    <0.001 |
|               prim_init.ram                  |    <0.001 |
|   ip_gameover                                |    <0.001 |
|     U0                                       |    <0.001 |
|       inst_blk_mem_gen                       |    <0.001 |
|         gnbram.gnativebmg.native_blk_mem_gen |    <0.001 |
|           valid.cstr                         |    <0.001 |
|             has_mux_a.A                      |    <0.001 |
|             ramloop[0].ram.r                 |    <0.001 |
|               prim_init.ram                  |    <0.001 |
|             ramloop[1].ram.r                 |    <0.001 |
|               prim_init.ram                  |    <0.001 |
|   ip_menu                                    |    <0.001 |
|     U0                                       |    <0.001 |
|       inst_blk_mem_gen                       |    <0.001 |
|         gnbram.gnativebmg.native_blk_mem_gen |    <0.001 |
|           valid.cstr                         |    <0.001 |
|             has_mux_a.A                      |    <0.001 |
|             ramloop[0].ram.r                 |    <0.001 |
|               prim_init.ram                  |    <0.001 |
|             ramloop[1].ram.r                 |    <0.001 |
|               prim_init.ram                  |    <0.001 |
|   ip_plane                                   |    <0.001 |
|     U0                                       |    <0.001 |
|       inst_blk_mem_gen                       |    <0.001 |
|         gnbram.gnativebmg.native_blk_mem_gen |    <0.001 |
|           valid.cstr                         |    <0.001 |
|             ramloop[0].ram.r                 |    <0.001 |
|               prim_init.ram                  |    <0.001 |
|   ip_plane_bullet_0                          |    <0.001 |
|     U0                                       |    <0.001 |
|       inst_blk_mem_gen                       |    <0.001 |
|         gnbram.gnativebmg.native_blk_mem_gen |    <0.001 |
|           valid.cstr                         |    <0.001 |
|             ramloop[0].ram.r                 |    <0.001 |
|               prim_init.ram                  |    <0.001 |
|   ip_plane_bullet_1                          |    <0.001 |
|     U0                                       |    <0.001 |
|       inst_blk_mem_gen                       |    <0.001 |
|         gnbram.gnativebmg.native_blk_mem_gen |    <0.001 |
|           valid.cstr                         |    <0.001 |
|             ramloop[0].ram.r                 |    <0.001 |
|               prim_init.ram                  |    <0.001 |
|   ip_plane_bullet_2                          |    <0.001 |
|     U0                                       |    <0.001 |
|       inst_blk_mem_gen                       |    <0.001 |
|         gnbram.gnativebmg.native_blk_mem_gen |    <0.001 |
|           valid.cstr                         |    <0.001 |
|             ramloop[0].ram.r                 |    <0.001 |
|               prim_init.ram                  |    <0.001 |
|   keyboard_decoder                           |     0.002 |
|     inst                                     |     0.002 |
|       Ps2Interface_i                         |     0.001 |
|         IOBUF_inst_0                         |    <0.001 |
|         IOBUF_inst_1                         |    <0.001 |
|     op                                       |    <0.001 |
|   menu_addr                                  |    <0.001 |
|   moving_pattern_enemy0                      |    <0.001 |
|   moving_pattern_enemy0_1                    |    <0.001 |
|   moving_pattern_enemy1                      |    <0.001 |
|   moving_pattern_enemy1_1                    |    <0.001 |
|   moving_pattern_enemy2                      |    <0.001 |
|   moving_pattern_enemy2_1                    |    <0.001 |
|   moving_pattern_enemy3                      |    <0.001 |
|   moving_pattern_enemy3_1                    |    <0.001 |
|   moving_pattern_enemy4                      |    <0.001 |
|   moving_pattern_enemy4_1                    |    <0.001 |
|   moving_pattern_enemy5                      |    <0.001 |
|   moving_pattern_enemy5_1                    |    <0.001 |
|   moving_pattern_enemy6                      |    <0.001 |
|   moving_pattern_enemy6_1                    |    <0.001 |
|   moving_pattern_enemy7                      |    <0.001 |
|   moving_pattern_enemy7_1                    |    <0.001 |
|   moving_pattern_enemy8                      |    <0.001 |
|   moving_pattern_enemy8_1                    |    <0.001 |
|   moving_pattern_enemy9                      |    <0.001 |
|   moving_pattern_enemy9_1                    |    <0.001 |
|   moving_pattern_plane                       |    <0.001 |
|   object_phase_enemy0                        |    <0.001 |
|     cnt                                      |    <0.001 |
|     explosion_phase                          |    <0.001 |
|     fsm_is_hit                               |    <0.001 |
|   object_phase_enemy1                        |    <0.001 |
|     cnt                                      |    <0.001 |
|     explosion_phase                          |    <0.001 |
|     fsm_is_hit                               |    <0.001 |
|   object_phase_enemy2                        |    <0.001 |
|     cnt                                      |    <0.001 |
|     explosion_phase                          |    <0.001 |
|     fsm_is_hit                               |    <0.001 |
|   object_phase_enemy3                        |    <0.001 |
|     cnt                                      |    <0.001 |
|     explosion_phase                          |    <0.001 |
|     fsm_is_hit                               |    <0.001 |
|   object_phase_enemy4                        |    <0.001 |
|     cnt                                      |    <0.001 |
|     explosion_phase                          |    <0.001 |
|     fsm_is_hit                               |    <0.001 |
|   object_phase_enemy5                        |    <0.001 |
|     cnt                                      |    <0.001 |
|     explosion_phase                          |    <0.001 |
|     fsm_is_hit                               |    <0.001 |
|   object_phase_enemy6                        |    <0.001 |
|     cnt                                      |    <0.001 |
|     explosion_phase                          |    <0.001 |
|     fsm_is_hit                               |    <0.001 |
|   object_phase_enemy7                        |    <0.001 |
|     cnt                                      |    <0.001 |
|     explosion_phase                          |    <0.001 |
|     fsm_is_hit                               |    <0.001 |
|   object_phase_enemy8                        |    <0.001 |
|     cnt                                      |    <0.001 |
|     explosion_phase                          |    <0.001 |
|     fsm_is_hit                               |    <0.001 |
|   object_phase_enemy9                        |    <0.001 |
|     cnt                                      |    <0.001 |
|     explosion_phase                          |    <0.001 |
|     fsm_is_hit                               |    <0.001 |
|   object_phase_plane                         |     0.001 |
|     cnt                                      |    <0.001 |
|     explosion_phase                          |    <0.001 |
|     fsm_is_hit                               |    <0.001 |
|     hit_counter                              |    <0.001 |
|   plane_addr                                 |    <0.001 |
|   plane_bullet_addr                          |     0.001 |
|     A0                                       |    <0.001 |
|     A1                                       |    <0.001 |
|     A2                                       |    <0.001 |
|     J0                                       |     0.000 |
|     M0                                       |     0.000 |
|     M1                                       |     0.000 |
|     M2                                       |     0.000 |
|     P0                                       |    <0.001 |
|     U0                                       |    <0.001 |
|     U1                                       |    <0.001 |
|     U2                                       |    <0.001 |
|   the_grand_fsm                              |     0.002 |
|   vga_inst                                   |     0.005 |
+----------------------------------------------+-----------+


